[debug] [2023-07-11T01:27:36.513Z] ----------------------------------------------------------------------
[debug] [2023-07-11T01:27:36.515Z] Command:       /home/cls/.nvm/versions/node/v18.16.1/bin/node /home/cls/.nvm/versions/node/v18.16.1/bin/firebase init
[debug] [2023-07-11T01:27:36.515Z] CLI Version:   12.4.3
[debug] [2023-07-11T01:27:36.515Z] Platform:      linux
[debug] [2023-07-11T01:27:36.516Z] Node Version:  v18.16.1
[debug] [2023-07-11T01:27:36.516Z] Time:          Mon Jul 10 2023 17:27:36 GMT-0800 (Alaska Daylight Time)
[debug] [2023-07-11T01:27:36.516Z] ----------------------------------------------------------------------
[debug] 
[debug] [2023-07-11T01:27:36.521Z] > command requires scopes: ["email","openid","https://www.googleapis.com/auth/cloudplatformprojects.readonly","https://www.googleapis.com/auth/firebase","https://www.googleapis.com/auth/cloud-platform"]
[debug] [2023-07-11T01:27:36.521Z] > authorizing via signed-in user (jasi9001@colorado.edu)
[info] 
     ######## #### ########  ######## ########     ###     ######  ########
     ##        ##  ##     ## ##       ##     ##  ##   ##  ##       ##
     ######    ##  ########  ######   ########  #########  ######  ######
     ##        ##  ##    ##  ##       ##     ## ##     ##       ## ##
     ##       #### ##     ## ######## ########  ##     ##  ######  ########

You're about to initialize a Firebase project in this directory:

  /home/cls/allProjects/arduino-indoor-weatherstation/ESP8266_webApp

[info] 
=== Project Setup
[info] 
[info] First, let's associate this project directory with a Firebase project.
[info] You can create multiple project aliases by running firebase use --add, 
[info] but for now we'll just set up a default project.
[info] 
